Adding Prompt Tuning to model...
Total/Trainable number of parameters in model_s: 124705113/7680
Total/Trainable number of parameters in model: 124705113/7680
OurArguments(
_n_gpu=4,
adafactor=False,
adam_beta1=0.9,
adam_beta2=0.999,
adam_epsilon=1e-08,
auto_find_batch_size=False,
bf16=False,
bf16_full_eval=False,
clean_model_at_end=True,
data_seed=None,
dataloader_drop_last=False,
dataloader_num_workers=0,
dataloader_pin_memory=True,
ddp_bucket_cap_mb=None,
ddp_find_unused_parameters=None,
ddp_timeout=1800,
debug=[],
deepspeed=None,
disable_tqdm=False,
do_eval=False,
do_predict=False,
do_train=False,
eos_token=<EOS_TOKEN>,
eval_accumulation_steps=None,
eval_delay=0,
eval_steps=1,
evaluation_strategy=no,
fp16=False,
fp16_backend=auto,
fp16_full_eval=False,
fp16_opt_level=O1,
fsdp=[],
fsdp_config={'fsdp_min_num_params': 0, 'xla': False, 'xla_fsdp_grad_ckpt': False},
fsdp_min_num_params=0,
fsdp_transformer_layer_cls_to_wrap=None,
full_determinism=False,
gradient_accumulation_steps=1,
gradient_checkpointing=False,
greater_is_better=None,
group_by_length=False,
half_precision_backend=auto,
head_tuning=False,
hub_model_id=None,
hub_private_repo=False,
hub_strategy=every_save,
hub_token=<HUB_TOKEN>,
icl_sfc=False,
ignore_data_skip=False,
include_inputs_for_metrics=False,
jit_mode_eval=False,
label_names=None,
label_smoothing_factor=0.0,
learning_rate=5e-05,
length_column_name=length,
linear_probing=False,
load_best_model_at_end=False,
load_bfloat16=False,
load_float16=False,
load_int8=False,
local_rank=-1,
log_level=passive,
log_level_replica=warning,
log_on_each_node=True,
logging_dir=result/bilevel_minimax-SST2-0-roberta-base-OPTIM_prompt-STEP-1-adamw-LR5e-05-constant-ZOEPS0.001-Q1-LowerLR0.001-LowerSTEPS3/logs,
logging_first_step=False,
logging_nan_inf_filter=True,
logging_steps=500,
logging_strategy=steps,
lora=False,
lora_alpha=16,
lora_r=8,
lower_level_learning_rate=0.001,
lower_level_num_train_epochs=0.01,
lower_level_num_train_steps=3,
lower_level_per_device_eval_batch_size=8,
lower_level_per_device_train_batch_size=8,
lp_early_stopping=False,
lr_scheduler_type=constant,
max_grad_norm=1.0,
max_length=2048,
max_new_tokens=50,
max_steps=-1,
metric_for_best_model=None,
model_name=FacebookAI/roberta-base,
momentum=0.0,
mp_parameters=,
no_auto_device=False,
no_cuda=False,
no_eval=False,
no_reparam=True,
non_diff=False,
num_beams=1,
num_dev=872,
num_eval=1821,
num_prefix=5,
num_train=67349,
num_train_epochs=3.0,
num_train_sets=None,
num_virtual_tokens=10,
only_train_option=True,
optim=adamw_hf,
optim_args=None,
optimizer=adamw,
output_dir=result/bilevel_minimax-SST2-0-roberta-base-OPTIM_prompt-STEP-1-adamw-LR5e-05-constant-ZOEPS0.001-Q1-LowerLR0.001-LowerSTEPS3,
overwrite_output_dir=False,
past_index=-1,
per_device_eval_batch_size=8,
per_device_train_batch_size=8,
perturbation_mode=two_side,
prediction_loss_only=False,
prefix_init_by_real_act=True,
prefix_tuning=False,
prompt_init_by_real_tokens=False,
prompt_tuning=True,
push_to_hub=False,
push_to_hub_model_id=None,
push_to_hub_organization=None,
push_to_hub_token=<PUSH_TO_HUB_TOKEN>,
q=1,
ray_scope=last,
remove_unused_columns=True,
report_to=['wandb'],
result_file=result/bilevel_minimax-SST2-0-roberta-base-OPTIM_prompt-STEP-1-adamw-LR5e-05-constant-ZOEPS0.001-Q1-LowerLR0.001-LowerSTEPS3/results.json,
resume_from_checkpoint=None,
run_name=bilevel_minimax-SST2-0-roberta-base-OPTIM_prompt-STEP-1-adamw-LR5e-05-constant-ZOEPS0.001-Q1-LowerLR0.001-LowerSTEPS3,
sampling=False,
save_model=False,
save_on_each_node=False,
save_on_interrupt=False,
save_safetensors=False,
save_steps=500,
save_strategy=steps,
save_total_limit=None,
seed=42,
sfc=False,
sharded_ddp=[],
skip_memory_metrics=True,
tag=bilevel_minimax-SST2-0-roberta-base-OPTIM_prompt-STEP-1-adamw-LR5e-05-constant-ZOEPS0.001-Q1-LowerLR0.001-LowerSTEPS3,
task_name=SST2,
temperature=1.0,
template_ver=0,
tf32=None,
top_k=None,
top_p=0.95,
torch_compile=False,
torch_compile_backend=None,
torch_compile_mode=None,
torchdynamo=None,
tpu_metrics_debug=False,
tpu_num_cores=None,
train_as_classification=False,
train_set_seed=0,
trainer=bilevel_minimax,
untie_emb=False,
use_ipex=False,
use_legacy_prediction_loop=False,
use_mps_device=False,
verbose=False,
warmup_ratio=0.0,
warmup_steps=0,
weight_decay=0.0,
xpu_backend=None,
zo_eps=0.001,
)
SchedulerType.CONSTANT
-------------------------- Training Epoch 0 --------------------------
prompt_encoder.embedding.weight: True
  Number of trainable parameters in the lower level = 7680
